<?xml version="1.0" encoding="UTF-8"?>
<!-- Generated by org.testng.reporters.JUnitXMLReporter -->
<testsuite hostname="mslaptop" name="Leasing" tests="13" failures="0" timestamp="20 Oct 2019 14:29:50 GMT" time="0.225" errors="0">
  <testcase name="APIHomeLogin" time="0.001" classname="testNG.TNG04_HomeLogin"/>
  <testcase name="MobileHomeLogin" time="0.0" classname="testNG.TNG04_HomeLogin"/>
  <testcase name="WebHomeLogin" time="0.0" classname="testNG.TNG04_HomeLogin"/>
  <testcase name="MobileLogin" time="0.001" classname="testNG.TNG03_Login"/>
  <testcase name="WebLogin" time="0.001" classname="testNG.TNG03_Login"/>
  <testcase name="MobileLoginCar" time="0.001" classname="testNG.TNG03_Login"/>
  <testcase name="MobileLogin" time="0.0" classname="testNG.TNG05_LoginWithDataProvider"/>
  <testcase name="MobileLoginCar" time="0.001" classname="testNG.TNG05_LoginWithDataProvider"/>
  <testcase name="MobileLoginCar" time="0.0" classname="testNG.TNG05_LoginWithDataProvider"/>
  <testcase name="MobileLoginCar" time="0.0" classname="testNG.TNG05_LoginWithDataProvider"/>
  <testcase name="WebLogin" time="0.001" classname="testNG.TNG05_LoginWithDataProvider"/>
  <testcase name="APILogin" time="0.001" classname="testNG.TNG03_Login"/>
  <testcase name="APILogin" time="0.0" classname="testNG.TNG05_LoginWithDataProvider"/>
</testsuite> <!-- Leasing -->
