<?xml version="1.0" encoding="UTF-8"?>
<!-- Generated by org.testng.reporters.JUnitXMLReporter -->
<testsuite hostname="mslaptop" name="Loan " tests="4" failures="0" timestamp="20 Oct 2019 14:29:50 GMT" time="0.173" errors="0">
  <testcase name="Demo" time="0.041" classname="testNG.TNG01_Intro"/>
  <testcase name="SecondTest" time="0.0" classname="testNG.TNG01_Intro"/>
  <testcase name="Demo" time="0.001" classname="testNG.TNG02_Intro"/>
  <testcase name="SecondTest" time="0.0" classname="testNG.TNG02_Intro"/>
</testsuite> <!-- Loan  -->
